2026-04-10 23:10:39,279 [INFO] Логгер настроен
2026-04-10 23:10:41,551 [INFO] Start creating a new auth key on DC2
2026-04-10 23:10:41,552 [INFO] Connecting...
2026-04-10 23:10:41,767 [INFO] Connected! Production DC2 - IPv4
2026-04-10 23:10:44,129 [INFO] Done auth key exchange: DhGenOk
2026-04-10 23:10:44,130 [INFO] Disconnected
2026-04-10 23:10:44,357 [INFO] Connecting...
2026-04-10 23:10:44,570 [INFO] Connected! Production DC2 - IPv4
2026-04-10 23:10:44,572 [INFO] NetworkTask started
2026-04-10 23:10:45,509 [INFO] Session initialized: Layer 158
2026-04-10 23:10:45,510 [INFO] Device: CPython 3.12.13 - Pyrogram 2.0.106
2026-04-10 23:10:45,511 [INFO] System: Linux 6.6.113+ (en)
2026-04-10 23:10:45,511 [INFO] Session started
2026-04-10 23:10:45,556 [INFO] PingTask started
2026-04-10 23:12:01,078 [INFO] Started 6 HandlerTasks
2026-04-10 23:12:01,079 [INFO] Pyrogram клиент запущен
2026-04-10 23:12:41,454 [INFO] get_chat(data_hr): Data Analytics Jobs | Вакансии, 9924 подписчиков
2026-04-10 23:12:41,899 [INFO] get_chat(devops_jobs_feed): Devops Jobs — вакансии и резюме, 19830 подписчиков
2026-04-10 23:12:42,360 [INFO] get_chat(python_jobs): Python — вакансии и аналитика, 7453 подписчиков
2026-04-10 23:12:43,045 [INFO] get_chat(zrabota): АйТи Вакансии. ИИ Работа. Фриланс. Удаленка, 21684 подписчиков
2026-04-10 23:12:43,972 [INFO] get_chat(vacancy_cs): ФКН: Вакансии, 14490 подписчиков
2026-04-10 23:12:44,657 [INFO] get_chat(analysts_hunter): Работа ищет аналитиков // Вакансии, 25055 подписчиков
2026-04-10 23:12:44,676 [INFO] Информация о 6 каналах сохранена
2026-04-10 23:12:44,719 [INFO] Запрос 1 'get_chat()' успешно выполнен для 6 каналов
2026-04-10 23:12:44,745 [INFO] Канал data_hr:
2026-04-10 23:12:52,364 [INFO] В канале data_hr собрано 1147 сообщений
2026-04-10 23:12:52,365 [INFO] Канал devops_jobs_feed:
2026-04-10 23:13:06,515 [WARNING] [vacancy_session] Waiting for 17 seconds before continuing (required by "messages.GetHistory")
2026-04-10 23:13:33,400 [INFO] В канале devops_jobs_feed собрано 5000 сообщений
2026-04-10 23:13:33,401 [INFO] Канал python_jobs:
2026-04-10 23:13:51,218 [WARNING] [vacancy_session] Waiting for 13 seconds before continuing (required by "messages.GetHistory")
2026-04-10 23:14:15,309 [INFO] В канале python_jobs собрано 4688 сообщений
2026-04-10 23:14:15,310 [INFO] Канал zrabota:
2026-04-10 23:14:22,885 [INFO] В канале zrabota собрано 1177 сообщений
2026-04-10 23:14:22,886 [INFO] Канал vacancy_cs:
2026-04-10 23:14:27,918 [INFO] В канале vacancy_cs собрано 729 сообщений
2026-04-10 23:14:27,919 [INFO] Канал analysts_hunter:
2026-04-10 23:14:39,952 [WARNING] [vacancy_session] Waiting for 20 seconds before continuing (required by "messages.GetHistory")
2026-04-10 23:15:08,977 [INFO] В канале analysts_hunter собрано 4712 сообщений
2026-04-10 23:15:09,355 [INFO] Успешно собрано 17453 сообщений
2026-04-10 23:15:09,575 [INFO] Запрос 2 'get_chat_history()' успешно выполнен, итого 17453 сообщений
2026-04-10 23:15:10,746 [INFO] Успешно найдены сообщения с Python в канале data_hr
2026-04-10 23:15:11,386 [INFO] Успешно найдены сообщения с Java в канале data_hr
2026-04-10 23:15:12,285 [INFO] Успешно найдены сообщения с Data Scientist в канале data_hr
2026-04-10 23:15:13,363 [INFO] Успешно найдены сообщения с DS в канале data_hr
2026-04-10 23:15:14,239 [INFO] Успешно найдены сообщения с Analyst в канале data_hr
2026-04-10 23:15:15,004 [INFO] Успешно найдены сообщения с Data Engineer в канале data_hr
2026-04-10 23:15:15,525 [INFO] Успешно найдены сообщения с Machine Learning в канале data_hr
2026-04-10 23:15:16,382 [INFO] Успешно найдены сообщения с ML в канале data_hr
2026-04-10 23:15:17,095 [INFO] Успешно найдены сообщения с DL в канале data_hr
2026-04-10 23:15:17,603 [INFO] Успешно найдены сообщения с DevOps в канале data_hr
2026-04-10 23:15:18,400 [INFO] Успешно найдены сообщения с Junior в канале data_hr
2026-04-10 23:15:19,245 [INFO] Успешно найдены сообщения с Middle в канале data_hr
2026-04-10 23:15:20,306 [INFO] Успешно найдены сообщения с Senior в канале data_hr
2026-04-10 23:15:21,124 [INFO] Успешно найдены сообщения с Python в канале devops_jobs_feed
2026-04-10 23:15:21,942 [INFO] Успешно найдены сообщения с Java в канале devops_jobs_feed
2026-04-10 23:15:22,459 [INFO] Успешно найдены сообщения с Data Scientist в канале devops_jobs_feed
2026-04-10 23:15:23,072 [INFO] Успешно найдены сообщения с DS в канале devops_jobs_feed
2026-04-10 23:15:23,791 [INFO] Успешно найдены сообщения с Analyst в канале devops_jobs_feed
2026-04-10 23:15:24,603 [INFO] Успешно найдены сообщения с Data Engineer в канале devops_jobs_feed
2026-04-10 23:15:25,394 [INFO] Успешно найдены сообщения с Machine Learning в канале devops_jobs_feed
2026-04-10 23:15:26,373 [INFO] Успешно найдены сообщения с ML в канале devops_jobs_feed
2026-04-10 23:15:26,867 [INFO] Успешно найдены сообщения с DL в канале devops_jobs_feed
2026-04-10 23:15:27,903 [INFO] Успешно найдены сообщения с DevOps в канале devops_jobs_feed
2026-04-10 23:15:28,702 [INFO] Успешно найдены сообщения с Junior в канале devops_jobs_feed
2026-04-10 23:15:29,555 [INFO] Успешно найдены сообщения с Middle в канале devops_jobs_feed
2026-04-10 23:15:30,433 [INFO] Успешно найдены сообщения с Senior в канале devops_jobs_feed
2026-04-10 23:15:31,452 [INFO] Успешно найдены сообщения с Python в канале python_jobs
2026-04-10 23:15:33,115 [INFO] Успешно найдены сообщения с Java в канале python_jobs
2026-04-10 23:15:34,175 [INFO] Успешно найдены сообщения с Data Scientist в канале python_jobs
2026-04-10 23:15:34,871 [INFO] Успешно найдены сообщения с DS в канале python_jobs
2026-04-10 23:15:35,516 [INFO] Успешно найдены сообщения с Analyst в канале python_jobs
2026-04-10 23:15:36,500 [INFO] Успешно найдены сообщения с Data Engineer в канале python_jobs
2026-04-10 23:15:37,573 [INFO] Успешно найдены сообщения с Machine Learning в канале python_jobs
2026-04-10 23:15:38,557 [INFO] Успешно найдены сообщения с ML в канале python_jobs
2026-04-10 23:15:39,122 [INFO] Успешно найдены сообщения с DL в канале python_jobs
2026-04-10 23:15:40,176 [INFO] Успешно найдены сообщения с DevOps в канале python_jobs
2026-04-10 23:15:41,172 [INFO] Успешно найдены сообщения с Junior в канале python_jobs
2026-04-10 23:15:42,420 [INFO] Успешно найдены сообщения с Middle в канале python_jobs
2026-04-10 23:15:43,409 [INFO] Успешно найдены сообщения с Senior в канале python_jobs
2026-04-10 23:15:43,900 [INFO] Успешно найдены сообщения с Python в канале zrabota
2026-04-10 23:15:44,378 [INFO] Успешно найдены сообщения с Java в канале zrabota
2026-04-10 23:15:44,600 [INFO] Успешно найдены сообщения с Data Scientist в канале zrabota
2026-04-10 23:15:45,319 [INFO] Успешно найдены сообщения с DS в канале zrabota
2026-04-10 23:15:45,770 [INFO] Успешно найдены сообщения с Analyst в канале zrabota
2026-04-10 23:15:46,440 [INFO] Успешно найдены сообщения с Data Engineer в канале zrabota
2026-04-10 23:15:46,670 [INFO] Успешно найдены сообщения с Machine Learning в канале zrabota
2026-04-10 23:15:47,187 [INFO] Успешно найдены сообщения с ML в канале zrabota
2026-04-10 23:15:47,407 [INFO] Успешно найдены сообщения с DL в канале zrabota
2026-04-10 23:15:48,185 [INFO] Успешно найдены сообщения с DevOps в канале zrabota
2026-04-10 23:15:49,244 [INFO] Успешно найдены сообщения с Junior в канале zrabota
2026-04-10 23:15:49,723 [INFO] Успешно найдены сообщения с Middle в канале zrabota
2026-04-10 23:15:50,183 [INFO] Успешно найдены сообщения с Senior в канале zrabota
2026-04-10 23:15:51,586 [INFO] Успешно найдены сообщения с Python в канале vacancy_cs
2026-04-10 23:15:52,366 [INFO] Успешно найдены сообщения с Java в канале vacancy_cs
2026-04-10 23:15:52,965 [INFO] Успешно найдены сообщения с Data Scientist в канале vacancy_cs
2026-04-10 23:15:53,558 [INFO] Успешно найдены сообщения с DS в канале vacancy_cs
2026-04-10 23:15:54,134 [INFO] Успешно найдены сообщения с Analyst в канале vacancy_cs
2026-04-10 23:15:54,814 [INFO] Успешно найдены сообщения с Data Engineer в канале vacancy_cs
2026-04-10 23:15:55,596 [INFO] Успешно найдены сообщения с Machine Learning в канале vacancy_cs
2026-04-10 23:15:56,742 [INFO] Успешно найдены сообщения с ML в канале vacancy_cs
2026-04-10 23:15:57,558 [INFO] Успешно найдены сообщения с DL в канале vacancy_cs
2026-04-10 23:15:58,100 [INFO] Успешно найдены сообщения с DevOps в канале vacancy_cs
2026-04-10 23:15:59,200 [INFO] Успешно найдены сообщения с Junior в канале vacancy_cs
2026-04-10 23:16:00,248 [INFO] Успешно найдены сообщения с Middle в канале vacancy_cs
2026-04-10 23:16:01,346 [INFO] Успешно найдены сообщения с Senior в канале vacancy_cs
2026-04-10 23:16:02,400 [INFO] Успешно найдены сообщения с Python в канале analysts_hunter
2026-04-10 23:16:03,897 [INFO] Успешно найдены сообщения с Java в канале analysts_hunter
2026-04-10 23:16:04,912 [INFO] Успешно найдены сообщения с Data Scientist в канале analysts_hunter
2026-04-10 23:16:05,787 [INFO] Успешно найдены сообщения с DS в канале analysts_hunter
2026-04-10 23:16:06,688 [INFO] Успешно найдены сообщения с Analyst в канале analysts_hunter
2026-04-10 23:16:07,724 [INFO] Успешно найдены сообщения с Data Engineer в канале analysts_hunter
2026-04-10 23:16:09,042 [INFO] Успешно найдены сообщения с Machine Learning в канале analysts_hunter
2026-04-10 23:16:10,054 [INFO] Успешно найдены сообщения с ML в канале analysts_hunter
2026-04-10 23:16:10,705 [INFO] Успешно найдены сообщения с DL в канале analysts_hunter
2026-04-10 23:16:11,599 [INFO] Успешно найдены сообщения с DevOps в канале analysts_hunter
2026-04-10 23:16:12,565 [INFO] Успешно найдены сообщения с Junior в канале analysts_hunter
2026-04-10 23:16:13,747 [INFO] Успешно найдены сообщения с Middle в канале analysts_hunter
2026-04-10 23:16:14,727 [INFO] Успешно найдены сообщения с Senior в канале analysts_hunter
2026-04-10 23:16:14,965 [INFO] Успешно собрано 7396 сообщений
2026-04-10 23:16:15,119 [INFO] Запрос 3 'search_messages()' успешно выполнен, итого 7396 записей
2026-04-10 23:16:15,357 [INFO] В канале data_hr всего 1172 сообщений
2026-04-10 23:16:15,581 [INFO] В канале devops_jobs_feed всего 22249 сообщений
2026-04-10 23:16:15,810 [INFO] В канале python_jobs всего 187362 сообщений
2026-04-10 23:16:16,246 [INFO] В канале zrabota всего 1193 сообщений
2026-04-10 23:16:16,474 [INFO] В канале vacancy_cs всего 748 сообщений
2026-04-10 23:16:16,703 [INFO] В канале analysts_hunter всего 191511 сообщений
2026-04-10 23:16:16,715 [INFO] Успешно собрано количество сообщений для 6 каналов
2026-04-10 23:16:16,892 [INFO] Найдено 912 вакансий с зарплатой от 400.000 руб
2026-04-10 23:16:17,482 [INFO] Для канала data_hr успешно найден get_messages() для вакансий с зарплатой 400к+
2026-04-10 23:16:18,111 [INFO] Для канала devops_jobs_feed успешно найден get_messages() для вакансий с зарплатой 400к+
2026-04-10 23:16:18,336 [WARNING] [vacancy_session] Waiting for 30 seconds before continuing (required by "channels.GetMessages")
2026-04-10 23:16:48,939 [INFO] Для канала devops_jobs_feed успешно найден get_messages() для вакансий с зарплатой 400к+
2026-04-10 23:16:49,159 [WARNING] [vacancy_session] Waiting for 30 seconds before continuing (required by "channels.GetMessages")
2026-04-10 23:17:19,817 [INFO] Для канала devops_jobs_feed успешно найден get_messages() для вакансий с зарплатой 400к+
2026-04-10 23:17:20,074 [WARNING] [vacancy_session] Waiting for 31 seconds before continuing (required by "channels.GetMessages")
2026-04-10 23:17:51,568 [INFO] Для канала devops_jobs_feed успешно найден get_messages() для вакансий с зарплатой 400к+
2026-04-10 23:17:52,162 [INFO] Для канала python_jobs успешно найден get_messages() для вакансий с зарплатой 400к+
2026-04-10 23:17:52,723 [INFO] Для канала zrabota успешно найден get_messages() для вакансий с зарплатой 400к+
2026-04-10 23:17:53,311 [INFO] Для канала vacancy_cs успешно найден get_messages() для вакансий с зарплатой 400к+
2026-04-10 23:17:53,783 [INFO] Для канала analysts_hunter успешно найден get_messages() для вакансий с зарплатой 400к+
2026-04-10 23:17:53,830 [INFO] Успешно собрано 912 вакансий с зарплатой 400к+
